<?xml version="1.0" encoding="UTF-8" ?>
<<<<<<< HEAD
<testsuite errors="0" failures="0" hostname="engel-Presario-C700-Notebook-PC" name="empleado.LoginTest" skipped="0" tests="6" time="1.443" timestamp="2018-06-30T19:09:06">
=======
<testsuite errors="0" failures="0" hostname="engel-Presario-C700-Notebook-PC" name="empleado.LoginTest" skipped="0" tests="6" time="0.741" timestamp="2018-06-29T18:28:35">
>>>>>>> dev
  <properties>
    <property name="libs.jsp-compiler.javadoc" value="" />
    <property name="netbeans.autoupdate.country" value="VE" />
    <property name="libs.JodaTime.src" value="" />
    <property name="javac.test.classpath" value="/home/engel/Documentos/librerias/dist/edisoncorSX.jar:/home/engel/Documentos/librerias/jcalendar-1.4.jar:/home/engel/Documentos/librerias/NiconNotifyOSD 0.1.9-7.jar:/home/engel/Documentos/librerias/hibernate-distribution-3.6.3.Final/lib/required/antlr-2.7.6.jar:/home/engel/Documentos/librerias/hibernate-distribution-3.6.3.Final/lib/required/commons-collections-3.1.jar:/home/engel/Documentos/librerias/hibernate-distribution-3.6.3.Final/lib/required/dom4j-1.6.1.jar:/home/engel/Documentos/librerias/hibernate-distribution-3.6.3.Final/lib/required/javassist-3.12.0.GA.jar:/home/engel/Documentos/librerias/hibernate-distribution-3.6.3.Final/lib/required/jta-1.1.jar:/home/engel/Documentos/librerias/hibernate-distribution-3.6.3.Final/hibernate3.jar:/home/engel/Documentos/librerias/hibernate-distribution-3.6.3.Final/hibernate-testing.jar:/home/engel/Documentos/librerias/slf4j-1.7.25/slf4j-api-1.7.25.jar:/home/engel/Documentos/librerias/slf4j-1.7.25/slf4j-simple-1.7.25.jar:/usr/local/netbeans-8.2/java/modules/ext/hibernate4/hibernate-jpa-2.1-api-1.0.0.Final.jar:/usr/local/netbeans-8.2/ide/modules/ext/mysql-connector-java-5.1.23-bin.jar:/home/engel/Documentos/librerias/joda-time-2.9.9.jar:/home/engel/Documentos/librerias/mockito-all-2.0.2-beta.jar:/home/engel/Documentos/librerias/joda-time-hibernate-1.4.jar:build/classes:/usr/local/netbeans-8.2/platform/modules/ext/junit-4.12.jar:/usr/local/netbeans-8.2/platform/modules/ext/hamcrest-core-1.3.jar" />
    <property name="pythonplatform.Python_2.7.12.console" value="/usr/bin/python" />
    <property name="libs.jsf20.maven-pom" value="" />
    <property name="libs.DataBindingME.src" value="/usr/local/netbeans-8.2/mobility/sources/netbeans_databindingme-src.zip" />
    <property name="libs.spring-webmvc4.0.src" value="" />
    <property name="pythonplatform.default.interpreter" value="/home/engel/.netbeans/8.2/jython-2.7.0/bin/jython" />
    <property name="ant.core.lib" value="/usr/local/netbeans-8.2/extide/ant/lib/ant.jar" />
    <property name="javadoc.windowtitle" value="" />
    <property name="libs.jsp-compilation.javadoc" value="" />
    <property name="user.dir" value="/home/engel/NetBeansProjects/AsistenciasOderiV2" />
    <property name="libs.javaee-api-7.0.src" value="" />
    <property name="java.vm.version" value="25.161-b12" />
    <property name="libs.DataBindingME.classpath" value="/usr/local/netbeans-8.2/mobility/modules/ext/netbeans_databindingme.jar" />
    <property name="libs.j2me_common_ant.src" value="" />
    <property name="libs.concordion.javadoc" value="" />
    <property name="libs.MySQLDriver.classpath" value="/usr/local/netbeans-8.2/ide/modules/ext/mysql-connector-java-5.1.23-bin.jar" />
    <property name="libs.eclipselinkmodelgen.src" value="" />
    <property name="javadoc.notree" value="false" />
    <property name="netbeans.autoupdate.version" value="1.23" />
    <property name="libs.EclipseLink-GlassFish-v3.classpath" value="/usr/local/glassfish-4.1.1/glassfish/modules/org.eclipse.persistence.jpa.jar:/usr/local/glassfish-4.1.1/glassfish/modules/org.eclipse.persistence.jpa.jpql.jar:/usr/local/glassfish-4.1.1/glassfish/modules/org.eclipse.persistence.oracle.jar:/usr/local/glassfish-4.1.1/glassfish/modules/org.eclipse.persistence.asm.jar:/usr/local/glassfish-4.1.1/glassfish/modules/org.eclipse.persistence.core.jar:/usr/local/glassfish-4.1.1/glassfish/modules/org.eclipse.persistence.moxy.jar:/usr/local/glassfish-4.1.1/glassfish/modules/org.eclipse.persistence.dbws.jar:/usr/local/glassfish-4.1.1/glassfish/modules/org.eclipse.persistence.jpa.modelgen.processor.jar:/usr/local/glassfish-4.1.1/glassfish/modules/org.eclipse.persistence.antlr.jar:/usr/local/glassfish-4.1.1/glassfish/modules/javax.persistence.jar" />
    <property name="libs.JodaTime.javadoc" value="" />
    <property name="netbeans.running.environment" value="gnome" />
    <property name="libs.javaee-web-api-6.0.classpath" value="/usr/local/netbeans-8.2/enterprise/modules/ext/javaee-web-api-6.0.jar" />
    <property name="libs.DataBindingME-PIM.maven-pom" value="" />
    <property name="libs.Java-EE-GlassFish-v3-Prelude.javadoc" value="/usr/local/netbeans-8.2/enterprise/docs/javaee-doc-api.jar" />
    <property name="javac.profile.cmd.line.arg" value="" />
    <property name="jdk.home" value="/usr/lib/jvm/java-8-oracle" />
    <property name="libs.Mockito_1.maven-pom" value="" />
    <property name="libs.javac-api.src" value="" />
    <property name="javadoc.noindex" value="false" />
    <property name="libs.jpa2-persistence.classpath" value="/usr/local/netbeans-8.2/java/modules/ext/hibernate4/hibernate-jpa-2.1-api-1.0.0.Final.jar" />
    <property name="libs.Hibernate_5.maven-pom" value="" />
    <property name="sun.os.patch.level" value="unknown" />
    <property name="libs.Java-EE-GlassFish-v3-Prelude.src" value="" />
    <property name="do.archive+manifest.available" value="true" />
    <property name="java.vm.specification.name" value="Java Virtual Machine Specification" />
    <property name="nb.show.statistics.ui" value="usageStatisticsEnabled" />
    <property name="netbeans.autoupdate.variant" value="" />
    <property name="have.tests" value="true" />
    <property name="addExports:java.desktop/com.sun.java.swing.plaf.gtk" value="ALL-UNNAMED" />
    <property name="org.xml.sax.driver" value="com.sun.org.apache.xerces.internal.jaxp.SAXParserImpl$JAXPSAXParser" />
    <property name="libs.hamcrest.classpath" value="/usr/local/netbeans-8.2/platform/modules/ext/hamcrest-core-1.3.jar" />
    <property name="file.reference.mysql-connector-java-5.1.23-bin.jar" value="/usr/local/netbeans-8.2/ide/modules/ext/mysql-connector-java-5.1.23-bin.jar" />
    <property name="libs.javac-api.javadoc" value="" />
    <property name="os.name" value="Linux" />
    <property name="libs.beans-binding.classpath" value="/usr/local/netbeans-8.2/java/modules/ext/beansbinding-1.2.1.jar" />
    <property name="libs.javaee-endorsed-api-7.0.maven-pom" value="" />
    <property name="ap.proc.none.internal" value="" />
    <property name="libs.DataBindingME-SVG.javadoc" value="/usr/local/netbeans-8.2/mobility/modules/docs/netbeans_databindingme_svg-api.zip" />
    <property name="libs.restapi.javadoc" value="" />
    <property name="libs.JWSAntTasks.maven-pom" value="" />
    <property name="libs.jstl.classpath" value="/usr/local/netbeans-8.2/enterprise/modules/ext/jstl-impl.jar:/usr/local/netbeans-8.2/enterprise/modules/ext/jstl-api.jar" />
    <property name="libs.testng.src" value="" />
    <property name="libs.spring-webmvc3.0.src" value="" />
    <property name="libs.restapi.classpath" value="/usr/local/netbeans-8.2/enterprise/modules/ext/jaxrs-2.0/javax.ws.rs-api-2.0.jar" />
    <property name="java.vendor.url.bug" value="http://bugreport.sun.com/bugreport/" />
    <property name="libs.EdisonCordSX.src" value="" />
    <property name="libs.jaxb.maven-pom" value="" />
    <property name="os.arch" value="i386" />
    <property name="libs.eclipselink.src" value="" />
    <property name="user.name" value="engel" />
    <property name="libs.jsf12.javadoc" value="/usr/local/netbeans-8.2/enterprise/docs/javaee-doc-api.jar" />
    <property name="libs.Comet-GlassFish-v3.javadoc" value="" />
    <property name="copylibs.rebase" value="true" />
    <property name="libs.j2me_common_ant.maven-pom" value="" />
    <property name="libs.spring-webmvc3.0.maven-pom" value="" />
    <property name="libs.swing-layout.maven-pom" value="" />
<<<<<<< HEAD
    <property name="sun.java.command" value="org.apache.tools.ant.taskdefs.optional.junit.JUnitTestRunner empleado.LoginTest skipNonTests=false filtertrace=true haltOnError=false haltOnFailure=false showoutput=true outputtoformatters=true logfailedtests=true threadid=0 logtestlistenerevents=true formatter=org.apache.tools.ant.taskdefs.optional.junit.BriefJUnitResultFormatter formatter=org.apache.tools.ant.taskdefs.optional.junit.XMLJUnitResultFormatter,/home/engel/NetBeansProjects/AsistenciasOderiV2/build/test/results/TEST-empleado.LoginTest.xml crashfile=/home/engel/NetBeansProjects/AsistenciasOderiV2/build/junitvmwatcher1016510085990683425.properties propsfile=/home/engel/NetBeansProjects/AsistenciasOderiV2/build/junit1254450022137618595.properties" />
=======
    <property name="sun.java.command" value="org.apache.tools.ant.taskdefs.optional.junit.JUnitTestRunner empleado.LoginTest skipNonTests=false filtertrace=true haltOnError=false haltOnFailure=false showoutput=true outputtoformatters=true logfailedtests=true threadid=0 logtestlistenerevents=true formatter=org.apache.tools.ant.taskdefs.optional.junit.BriefJUnitResultFormatter formatter=org.apache.tools.ant.taskdefs.optional.junit.XMLJUnitResultFormatter,/home/engel/NetBeansProjects/AsistenciasOderiV2/build/test/results/TEST-empleado.LoginTest.xml crashfile=/home/engel/NetBeansProjects/AsistenciasOderiV2/build/junitvmwatcher1687960356801650274.properties propsfile=/home/engel/NetBeansProjects/AsistenciasOderiV2/build/junit403296266374897814.properties" />
>>>>>>> dev
    <property name="build.classes.dir" value="build/classes" />
    <property name="netbeans.accept_license_class" value="org.netbeans.license.AcceptLicense" />
    <property name="build.sysclasspath" value="ignore" />
    <property name="manifest.encoding" value="UTF-8" />
    <property name="ap.supported.internal" value="true" />
    <property name="java.failonerror" value="true" />
    <property name="libs.javaee-endorsed-api-7.0.javadoc" value="/usr/local/netbeans-8.2/enterprise/docs/javaee-doc-api.jar" />
    <property name="libs.jaxws21.javadoc" value="/usr/local/netbeans-8.2/java/docs/jaxws-api-doc.zip" />
    <property name="ant.file.AsistenciasOderiV2-impl" value="/home/engel/NetBeansProjects/AsistenciasOderiV2/nbproject/build-impl.xml" />
    <property name="libs.spring-webmvc4.0.javadoc" value="" />
    <property name="includes" value="**" />
    <property name="user.country" value="VE" />
    <property name="manifest.file" value="manifest.mf" />
    <property name="addExports:java.desktop/sun.awt" value="ALL-UNNAMED" />
    <property name="javadoc.encoding" value="UTF-8" />
    <property name="javac.classpath" value="/home/engel/Documentos/librerias/dist/edisoncorSX.jar:/home/engel/Documentos/librerias/jcalendar-1.4.jar:/home/engel/Documentos/librerias/NiconNotifyOSD 0.1.9-7.jar:/home/engel/Documentos/librerias/hibernate-distribution-3.6.3.Final/lib/required/antlr-2.7.6.jar:/home/engel/Documentos/librerias/hibernate-distribution-3.6.3.Final/lib/required/commons-collections-3.1.jar:/home/engel/Documentos/librerias/hibernate-distribution-3.6.3.Final/lib/required/dom4j-1.6.1.jar:/home/engel/Documentos/librerias/hibernate-distribution-3.6.3.Final/lib/required/javassist-3.12.0.GA.jar:/home/engel/Documentos/librerias/hibernate-distribution-3.6.3.Final/lib/required/jta-1.1.jar:/home/engel/Documentos/librerias/hibernate-distribution-3.6.3.Final/hibernate3.jar:/home/engel/Documentos/librerias/hibernate-distribution-3.6.3.Final/hibernate-testing.jar:/home/engel/Documentos/librerias/slf4j-1.7.25/slf4j-api-1.7.25.jar:/home/engel/Documentos/librerias/slf4j-1.7.25/slf4j-simple-1.7.25.jar:/usr/local/netbeans-8.2/java/modules/ext/hibernate4/hibernate-jpa-2.1-api-1.0.0.Final.jar:/usr/local/netbeans-8.2/ide/modules/ext/mysql-connector-java-5.1.23-bin.jar:/home/engel/Documentos/librerias/joda-time-2.9.9.jar:/home/engel/Documentos/librerias/mockito-all-2.0.2-beta.jar:/home/engel/Documentos/librerias/joda-time-hibernate-1.4.jar" />
    <property name="libs.jsp-compilation-syscp.src" value="" />
    <property name="libs.JAVADB_DRIVER_LABEL.src" value="" />
    <property name="libs.spring-framework400.classpath" value="/usr/local/netbeans-8.2/ide/modules/org-apache-commons-logging.jar:/usr/local/netbeans-8.2/java/modules/ext/cglib-2.2.jar:/usr/local/netbeans-8.2/java/modules/ext/spring-4/spring-aop-4.0.1.RELEASE.jar:/usr/local/netbeans-8.2/java/modules/ext/spring-4/spring-aspects-4.0.1.RELEASE.jar:/usr/local/netbeans-8.2/java/modules/ext/spring-4/spring-beans-4.0.1.RELEASE.jar:/usr/local/netbeans-8.2/java/modules/ext/spring-4/spring-build-src-4.0.1.RELEASE.jar:/usr/local/netbeans-8.2/java/modules/ext/spring-4/spring-context-4.0.1.RELEASE.jar:/usr/local/netbeans-8.2/java/modules/ext/spring-4/spring-context-support-4.0.1.RELEASE.jar:/usr/local/netbeans-8.2/java/modules/ext/spring-4/spring-core-4.0.1.RELEASE.jar:/usr/local/netbeans-8.2/java/modules/ext/spring-4/spring-expression-4.0.1.RELEASE.jar:/usr/local/netbeans-8.2/java/modules/ext/spring-4/spring-framework-bom-4.0.1.RELEASE.jar:/usr/local/netbeans-8.2/java/modules/ext/spring-4/spring-instrument-4.0.1.RELEASE.jar:/usr/local/netbeans-8.2/java/modules/ext/spring-4/spring-instrument-tomcat-4.0.1.RELEASE.jar:/usr/local/netbeans-8.2/java/modules/ext/spring-4/spring-jdbc-4.0.1.RELEASE.jar:/usr/local/netbeans-8.2/java/modules/ext/spring-4/spring-jms-4.0.1.RELEASE.jar:/usr/local/netbeans-8.2/java/modules/ext/spring-4/spring-messaging-4.0.1.RELEASE.jar:/usr/local/netbeans-8.2/java/modules/ext/spring-4/spring-orm-4.0.1.RELEASE.jar:/usr/local/netbeans-8.2/java/modules/ext/spring-4/spring-oxm-4.0.1.RELEASE.jar:/usr/local/netbeans-8.2/java/modules/ext/spring-4/spring-test-4.0.1.RELEASE.jar:/usr/local/netbeans-8.2/java/modules/ext/spring-4/spring-tx-4.0.1.RELEASE.jar:/usr/local/netbeans-8.2/java/modules/ext/spring-4/spring-web-4.0.1.RELEASE.jar:/usr/local/netbeans-8.2/java/modules/ext/spring-4/spring-webmvc-4.0.1.RELEASE.jar:/usr/local/netbeans-8.2/java/modules/ext/spring-4/spring-webmvc-portlet-4.0.1.RELEASE.jar:/usr/local/netbeans-8.2/java/modules/ext/spring-4/spring-websocket-4.0.1.RELEASE.jar" />
    <property name="libs.JodaTime-Hibernate.classpath" value="/home/engel/Documentos/librerias/joda-time-hibernate-1.4.jar" />
    <property name="debug-transport" value="dt_socket" />
    <property name="netbeans.home" value="/usr/local/netbeans-8.2/platform" />
    <property name="build.compiler.emacs" value="true" />
    <property name="libs.javaee-web-api-6.0.src" value="" />
    <property name="libs.jsp-compilation-syscp.classpath" value="/usr/local/netbeans-8.2/extide/ant/lib/ant.jar:/usr/local/netbeans-8.2/enterprise/modules/ext/servlet3.1-jsp2.3-api.jar:/usr/local/netbeans-8.2/enterprise/modules/ext/glassfish-jspparser-4.0.jar:/usr/local/netbeans-8.2/enterprise/modules/ext/jstl-impl.jar:/usr/local/netbeans-8.2/enterprise/modules/ext/jsf-2_2/javax.faces.jar" />
    <property name="libs.EdisonCordSX.maven-pom" value="" />
    <property name="java.endorsed.dirs" value="/usr/lib/jvm/java-8-oracle/jre/lib/endorsed" />
    <property name="libs.Jadira-Joda.classpath" value="/home/engel/Documentos/librerias/refdata-7.0.0.CR1.jar" />
    <property name="libs.Comet-GlassFish-v3.maven-pom" value="" />
    <property name="libs.groovy-all.src" value="" />
    <property name="netbeans.dynamic.classpath" value="/usr/local/netbeans-8.2/platform/core/asm-all-5.0.1.jar:/usr/local/netbeans-8.2/platform/core/core.jar:/usr/local/netbeans-8.2/platform/core/org-openide-filesystems.jar:/usr/local/netbeans-8.2/platform/core/org-netbeans-libs-asm.jar:/usr/local/netbeans-8.2/platform/core/core-base.jar:/usr/local/netbeans-8.2/platform/core/org-openide-filesystems-compat8.jar:/usr/local/netbeans-8.2/platform/core/locale/core-base_pt_BR.jar:/usr/local/netbeans-8.2/platform/core/locale/org-openide-filesystems_pt_BR.jar:/usr/local/netbeans-8.2/platform/core/locale/org-openide-filesystems_ru.jar:/usr/local/netbeans-8.2/platform/core/locale/core_zh_CN.jar:/usr/local/netbeans-8.2/platform/core/locale/org-openide-filesystems-compat8_zh_CN.jar:/usr/local/netbeans-8.2/platform/core/locale/org-openide-filesystems-compat8_ru.jar:/usr/local/netbeans-8.2/platform/core/locale/org-openide-filesystems_zh_CN.jar:/usr/local/netbeans-8.2/platform/core/locale/org-netbeans-libs-asm_ja.jar:/usr/local/netbeans-8.2/platform/core/locale/core-base_zh_CN.jar:/usr/local/netbeans-8.2/platform/core/locale/org-openide-filesystems-compat8_pt_BR.jar:/usr/local/netbeans-8.2/platform/core/locale/org-netbeans-libs-asm_zh_CN.jar:/usr/local/netbeans-8.2/platform/core/locale/org-netbeans-libs-asm_ru.jar:/usr/local/netbeans-8.2/platform/core/locale/core-base_ja.jar:/usr/local/netbeans-8.2/platform/core/locale/core-base_ru.jar:/usr/local/netbeans-8.2/platform/core/locale/org-openide-filesystems-compat8_ja.jar:/usr/local/netbeans-8.2/platform/core/locale/core_ru.jar:/usr/local/netbeans-8.2/platform/core/locale/core_pt_BR.jar:/usr/local/netbeans-8.2/platform/core/locale/org-netbeans-libs-asm_pt_BR.jar:/usr/local/netbeans-8.2/platform/core/locale/core_ja.jar:/usr/local/netbeans-8.2/platform/core/locale/org-openide-filesystems_ja.jar:/usr/local/netbeans-8.2/nb/core/org-netbeans-upgrader.jar:/usr/local/netbeans-8.2/nb/core/locale/org-netbeans-upgrader_zh_CN.jar:/usr/local/netbeans-8.2/nb/core/locale/core_nb_pt_BR.jar:/usr/local/netbeans-8.2/nb/core/locale/org-netbeans-upgrader_ru.jar:/usr/local/netbeans-8.2/nb/core/locale/core_nb.jar:/usr/local/netbeans-8.2/nb/core/locale/org-netbeans-upgrader_pt_BR.jar:/usr/local/netbeans-8.2/nb/core/locale/core_nb_ja.jar:/usr/local/netbeans-8.2/nb/core/locale/core_nb_ru.jar:/usr/local/netbeans-8.2/nb/core/locale/org-netbeans-upgrader_ja.jar:/usr/local/netbeans-8.2/nb/core/locale/core_nb_zh_CN.jar" />
    <property name="libs.JCalendar.classpath" value="/home/engel/Documentos/librerias/jcalendar-1.4.jar" />
    <property name="libs.Mockito_2.src" value="" />
    <property name="java.vm.specification.version" value="1.8" />
    <property name="libs.hibernate4-support.src" value="" />
    <property name="libs.primefaces.classpath" value="/usr/local/netbeans-8.2/enterprise/modules/ext/primefaces/primefaces-5.0.jar" />
    <property name="libs.LookAndFeel.src" value="" />
    <property name="libs.javaee-api-6.0.classpath" value="/usr/local/netbeans-8.2/enterprise/modules/ext/javaee-api-6.0.jar" />
    <property name="libs.groovy-all.maven-pom" value="" />
    <property name="netbeans.productversion" value="NetBeans IDE 8.2 (Build 201609300101)" />
    <property name="libs.jaxws21.src" value="" />
    <property name="do.archive" value="true" />
    <property name="netbeans.autoupdate.language" value="es" />
    <property name="java.vendor" value="Oracle Corporation" />
    <property name="libs.javaee-api-6.0.javadoc" value="/usr/local/netbeans-8.2/enterprise/docs/javaee-doc-api.jar" />
    <property name="sun.font.fontmanager" value="sun.awt.X11FontManager" />
    <property name="jar.index.metainf" value="false" />
    <property name="libs.NiconNotify.javadoc" value="" />
    <property name="javac.debug" value="true" />
    <property name="javadoc.splitindex" value="true" />
    <property name="file.separator" value="/" />
    <property name="libs.Java-EE-GlassFish-v3-Prelude.maven-pom" value="" />
    <property name="libs.junit_4.maven-pom" value="" />
    <property name="mkdist.disabled" value="false" />
    <property name="javac.test.processorpath" value="/home/engel/Documentos/librerias/dist/edisoncorSX.jar:/home/engel/Documentos/librerias/jcalendar-1.4.jar:/home/engel/Documentos/librerias/NiconNotifyOSD 0.1.9-7.jar:/home/engel/Documentos/librerias/hibernate-distribution-3.6.3.Final/lib/required/antlr-2.7.6.jar:/home/engel/Documentos/librerias/hibernate-distribution-3.6.3.Final/lib/required/commons-collections-3.1.jar:/home/engel/Documentos/librerias/hibernate-distribution-3.6.3.Final/lib/required/dom4j-1.6.1.jar:/home/engel/Documentos/librerias/hibernate-distribution-3.6.3.Final/lib/required/javassist-3.12.0.GA.jar:/home/engel/Documentos/librerias/hibernate-distribution-3.6.3.Final/lib/required/jta-1.1.jar:/home/engel/Documentos/librerias/hibernate-distribution-3.6.3.Final/hibernate3.jar:/home/engel/Documentos/librerias/hibernate-distribution-3.6.3.Final/hibernate-testing.jar:/home/engel/Documentos/librerias/slf4j-1.7.25/slf4j-api-1.7.25.jar:/home/engel/Documentos/librerias/slf4j-1.7.25/slf4j-simple-1.7.25.jar:/usr/local/netbeans-8.2/java/modules/ext/hibernate4/hibernate-jpa-2.1-api-1.0.0.Final.jar:/usr/local/netbeans-8.2/ide/modules/ext/mysql-connector-java-5.1.23-bin.jar:/home/engel/Documentos/librerias/joda-time-2.9.9.jar:/home/engel/Documentos/librerias/mockito-all-2.0.2-beta.jar:/home/engel/Documentos/librerias/joda-time-hibernate-1.4.jar:build/classes:/usr/local/netbeans-8.2/platform/modules/ext/junit-4.12.jar:/usr/local/netbeans-8.2/platform/modules/ext/hamcrest-core-1.3.jar" />
    <property name="netbeans.buildnumber" value="201609300101" />
    <property name="libs.JWSAntTasks.javadoc" value="" />
    <property name="build.generated.sources.dir" value="build/generated-sources" />
    <property name="libs.eclipselinkmodelgen.classpath" value="/usr/local/netbeans-8.2/java/modules/ext/eclipselink/org.eclipse.persistence.jpa.modelgen_2.5.2.v20140319-9ad6abd.jar" />
    <property name="libs.javaee-endorsed-api-7.0.src" value="" />
    <property name="libs.JodaTime.maven-pom" value="" />
    <property name="sun.java.launcher" value="SUN_STANDARD" />
    <property name="libs.hibernate4-persistencemodelgen.javadoc" value="" />
    <property name="libs.jaxb.javadoc" value="/usr/local/netbeans-8.2/ide/docs/jaxb-api-doc.zip" />
    <property name="libs.struts.classpath" value="/usr/local/netbeans-8.2/enterprise/modules/ext/struts/antlr-2.7.2.jar:/usr/local/netbeans-8.2/enterprise/modules/ext/struts/bsf-2.3.0.jar:/usr/local/netbeans-8.2/enterprise/modules/ext/struts/commons-beanutils-1.8.0.jar:/usr/local/netbeans-8.2/enterprise/modules/ext/struts/commons-chain-1.2.jar:/usr/local/netbeans-8.2/enterprise/modules/ext/struts/commons-digester-1.8.jar:/usr/local/netbeans-8.2/enterprise/modules/ext/struts/commons-fileupload-1.1.1.jar:/usr/local/netbeans-8.2/enterprise/modules/ext/struts/commons-io-1.1.jar:/usr/local/netbeans-8.2/enterprise/modules/ext/struts/commons-logging-1.0.4.jar:/usr/local/netbeans-8.2/enterprise/modules/ext/struts/commons-validator-1.3.1.jar:/usr/local/netbeans-8.2/enterprise/modules/ext/struts/jstl-1.0.2.jar:/usr/local/netbeans-8.2/enterprise/modules/ext/struts/oro-2.0.8.jar:/usr/local/netbeans-8.2/enterprise/modules/ext/struts/standard-1.0.6.jar:/usr/local/netbeans-8.2/enterprise/modules/ext/struts/struts-core-1.3.10.jar:/usr/local/netbeans-8.2/enterprise/modules/ext/struts/struts-el-1.3.10.jar:/usr/local/netbeans-8.2/enterprise/modules/ext/struts/struts-extras-1.3.10.jar:/usr/local/netbeans-8.2/enterprise/modules/ext/struts/struts-faces-1.3.10.jar:/usr/local/netbeans-8.2/enterprise/modules/ext/struts/struts-mailreader-dao-1.3.10.jar:/usr/local/netbeans-8.2/enterprise/modules/ext/struts/struts-scripting-1.3.10.jar:/usr/local/netbeans-8.2/enterprise/modules/ext/struts/struts-taglib-1.3.10.jar:/usr/local/netbeans-8.2/enterprise/modules/ext/struts/struts-tiles-1.3.10.jar" />
    <property name="libs.Jadira-Joda.javadoc" value="" />
    <property name="ant.home" value="/usr/local/netbeans-8.2/extide/ant" />
    <property name="libs.junit_4.src" value="/usr/local/netbeans-8.2/platform/docs/junit-4.12-sources.jar" />
    <property name="ant.file.type.AsistenciasOderiV2-impl" value="file" />
    <property name="libs.testng.classpath" value="/usr/local/netbeans-8.2/platform/modules/ext/testng-6.8.1-dist.jar" />
    <property name="libs.concordion.classpath" value="/home/engel/Documentos/librerias/concordion-2.1.3/concordion-2.1.3.jar:/home/engel/Documentos/librerias/concordion-2.1.3/lib/asm-5.0.3.jar:/home/engel/Documentos/librerias/concordion-2.1.3/lib/asm-analysis-5.0.3.jar:/home/engel/Documentos/librerias/concordion-2.1.3/lib/asm-tree-5.0.3.jar:/home/engel/Documentos/librerias/concordion-2.1.3/lib/asm-util-5.0.3.jar:/home/engel/Documentos/librerias/concordion-2.1.3/lib/javassist-3.11.0.GA.jar:/home/engel/Documentos/librerias/concordion-2.1.3/lib/ognl-3.1.jar:/home/engel/Documentos/librerias/concordion-2.1.3/lib/parboiled-core-1.1.7.jar:/home/engel/Documentos/librerias/concordion-2.1.3/lib/parboiled-java-1.1.7.jar:/home/engel/Documentos/librerias/concordion-2.1.3/lib/pegdown-1.6.0.jar:/home/engel/Documentos/librerias/concordion-2.1.3/lib/xom-1.2.5.jar" />
    <property name="libs.absolutelayout.maven-pom" value="" />
    <property name="libs.Mockito_1.src" value="" />
    <property name="ant.java.version" value="1.8" />
    <property name="java.library.path" value="/usr/lib/jvm/java-8-oracle/jre/lib/amd64:/usr/lib/jvm/java-8-oracle/jre/lib/i386::/usr/java/packages/lib/i386:/lib:/usr/lib" />
    <property name="javadoc.author" value="false" />
    <property name="libs.metro.maven-pom" value="" />
    <property name="libs.EclipseLink-GlassFish-v3.src" value="" />
    <property name="java.util.logging.config.class" value="org.netbeans.core.startup.TopLogging" />
    <property name="libs.spring-framework400.src" value="" />
    <property name="libs.PostgreSQLDriver.src" value="" />
    <property name="sun.arch.data.model" value="32" />
    <property name="basedir" value="/home/engel/NetBeansProjects/AsistenciasOderiV2" />
    <property name="libs.Hibernate_3.classpath" value="/home/engel/Documentos/librerias/hibernate-distribution-3.6.3.Final/lib/required/antlr-2.7.6.jar:/home/engel/Documentos/librerias/hibernate-distribution-3.6.3.Final/lib/required/commons-collections-3.1.jar:/home/engel/Documentos/librerias/hibernate-distribution-3.6.3.Final/lib/required/dom4j-1.6.1.jar:/home/engel/Documentos/librerias/hibernate-distribution-3.6.3.Final/lib/required/javassist-3.12.0.GA.jar:/home/engel/Documentos/librerias/hibernate-distribution-3.6.3.Final/lib/required/jta-1.1.jar:/home/engel/Documentos/librerias/hibernate-distribution-3.6.3.Final/hibernate3.jar:/home/engel/Documentos/librerias/hibernate-distribution-3.6.3.Final/hibernate-testing.jar:/home/engel/Documentos/librerias/slf4j-1.7.25/slf4j-api-1.7.25.jar:/home/engel/Documentos/librerias/slf4j-1.7.25/slf4j-simple-1.7.25.jar" />
    <property name="libs.jpa20-persistence.maven-pom" value="" />
    <property name="jar.compress" value="false" />
    <property name="libs.javaee-web-api-7.0.classpath" value="/usr/local/netbeans-8.2/enterprise/modules/ext/javaee-web-api-7.0.jar" />
    <property name="path.separator" value=":" />
    <property name="libs.javaee-web-api-6.0.javadoc" value="/usr/local/netbeans-8.2/enterprise/docs/javaee-doc-api.jar" />
    <property name="ant.junit.enabletestlistenerevents" value="true" />
    <property name="libs.Mockito_2.classpath" value="/home/engel/Documentos/librerias/mockito-all-2.0.2-beta.jar" />
    <property name="sun.io.unicode.encoding" value="UnicodeLittle" />
    <property name="libs.jaxws21.classpath" value="/usr/local/netbeans-8.2/ide/modules/ext/jaxb/jaxb-impl.jar:/usr/local/netbeans-8.2/ide/modules/ext/jaxb/jaxb-xjc.jar:/usr/local/netbeans-8.2/java/modules/ext/jaxws22/FastInfoset.jar:/usr/local/netbeans-8.2/java/modules/ext/jaxws22/gmbal-api-only.jar:/usr/local/netbeans-8.2/java/modules/ext/jaxws22/ha-api.jar:/usr/local/netbeans-8.2/java/modules/ext/jaxws22/javax.mail_1.4.jar:/usr/local/netbeans-8.2/java/modules/ext/jaxws22/jaxws-rt.jar:/usr/local/netbeans-8.2/java/modules/ext/jaxws22/jaxws-tools.jar:/usr/local/netbeans-8.2/java/modules/ext/jaxws22/management-api.jar:/usr/local/netbeans-8.2/java/modules/ext/jaxws22/mimepull.jar:/usr/local/netbeans-8.2/java/modules/ext/jaxws22/policy.jar:/usr/local/netbeans-8.2/java/modules/ext/jaxws22/saaj-impl.jar:/usr/local/netbeans-8.2/java/modules/ext/jaxws22/stax-ex.jar:/usr/local/netbeans-8.2/java/modules/ext/jaxws22/stax2-api.jar:/usr/local/netbeans-8.2/java/modules/ext/jaxws22/streambuffer.jar:/usr/local/netbeans-8.2/java/modules/ext/jaxws22/woodstox-core-asl.jar:/usr/local/netbeans-8.2/java/modules/ext/jaxws22/api/jaxws-api.jar:/usr/local/netbeans-8.2/java/modules/ext/jaxws22/api/jsr181-api.jar:/usr/local/netbeans-8.2/java/modules/ext/jaxws22/api/javax.annotation.jar:/usr/local/netbeans-8.2/java/modules/ext/jaxws22/api/saaj-api.jar:/usr/local/netbeans-8.2/ide/modules/ext/jaxb/activation.jar:/usr/local/netbeans-8.2/ide/modules/ext/jaxb/api/jaxb-api.jar:/usr/local/netbeans-8.2/ide/modules/ext/jaxb/api/jsr173_1.0_api.jar" />
    <property name="libs.struts.src" value="" />
    <property name="compile.on.save" value="true" />
    <property name="apple.awt.graphics.UseQuartz" value="true" />
    <property name="addExports:java.desktop/sun.awt.im" value="ALL-UNNAMED" />
    <property name="user.language" value="es" />
    <property name="testng.mode" value="testng" />
    <property name="libs.JAXB-ENDORSED.maven-pom" value="" />
    <property name="libs.eclipselink.maven-pom" value="" />
    <property name="libs.Mockito_1.classpath" value="/home/engel/Documentos/librerias/mockito-all-1.10.19.jar" />
    <property name="test.binaryincludes" value="&lt;nothing&gt;" />
    <property name="manifest.available" value="true" />
    <property name="libs.primefaces.javadoc" value="" />
    <property name="libs.spring-framework300.maven-pom" value="" />
    <property name="run.test.classpath" value="/home/engel/Documentos/librerias/dist/edisoncorSX.jar:/home/engel/Documentos/librerias/jcalendar-1.4.jar:/home/engel/Documentos/librerias/NiconNotifyOSD 0.1.9-7.jar:/home/engel/Documentos/librerias/hibernate-distribution-3.6.3.Final/lib/required/antlr-2.7.6.jar:/home/engel/Documentos/librerias/hibernate-distribution-3.6.3.Final/lib/required/commons-collections-3.1.jar:/home/engel/Documentos/librerias/hibernate-distribution-3.6.3.Final/lib/required/dom4j-1.6.1.jar:/home/engel/Documentos/librerias/hibernate-distribution-3.6.3.Final/lib/required/javassist-3.12.0.GA.jar:/home/engel/Documentos/librerias/hibernate-distribution-3.6.3.Final/lib/required/jta-1.1.jar:/home/engel/Documentos/librerias/hibernate-distribution-3.6.3.Final/hibernate3.jar:/home/engel/Documentos/librerias/hibernate-distribution-3.6.3.Final/hibernate-testing.jar:/home/engel/Documentos/librerias/slf4j-1.7.25/slf4j-api-1.7.25.jar:/home/engel/Documentos/librerias/slf4j-1.7.25/slf4j-simple-1.7.25.jar:/usr/local/netbeans-8.2/java/modules/ext/hibernate4/hibernate-jpa-2.1-api-1.0.0.Final.jar:/usr/local/netbeans-8.2/ide/modules/ext/mysql-connector-java-5.1.23-bin.jar:/home/engel/Documentos/librerias/joda-time-2.9.9.jar:/home/engel/Documentos/librerias/mockito-all-2.0.2-beta.jar:/home/engel/Documentos/librerias/joda-time-hibernate-1.4.jar:build/classes:/usr/local/netbeans-8.2/platform/modules/ext/junit-4.12.jar:/usr/local/netbeans-8.2/platform/modules/ext/hamcrest-core-1.3.jar:build/test/classes" />
    <property name="ant.project.invoked-targets" value="test" />
    <property name="test.binaryexcludes" value="" />
    <property name="libs.swing-layout.javadoc" value="/usr/local/netbeans-8.2/platform/docs/swing-layout-1.0.4-doc.zip" />
    <property name="libs.JBehave.maven-pom" value="" />
    <property name="sun.java2d.dpiaware" value="true" />
    <property name="libs.hibernate4-persistence.maven-pom" value="" />
    <property name="addExports:java.base/jdk.internal.jrtfs" value="ALL-UNNAMED" />
    <property name="libs.DataBindingME-SVG.classpath" value="/usr/local/netbeans-8.2/mobility/modules/ext/netbeans_databindingme_svg.jar" />
    <property name="libs.PostgreSQLDriver.maven-pom" value="" />
    <property name="java.class.version" value="52.0" />
    <property name="libs.JAVADB_DRIVER_LABEL.classpath" value="/usr/lib/jvm/jdk1.8.0_131/db/lib/derby.jar:/usr/lib/jvm/jdk1.8.0_131/db/lib/derbyclient.jar:/usr/lib/jvm/jdk1.8.0_131/db/lib/derbynet.jar" />
    <property name="libs.hibernate4-persistencemodelgen.maven-pom" value="" />
    <property name="libs.javaee-endorsed-api-6.0.src" value="" />
    <property name="libs.eclipselink.javadoc" value="/usr/local/netbeans-8.2/java/modules/ext/docs/javax.persistence-2.1.0-doc.zip" />
    <property name="libs.jsp-compilation.maven-pom" value="" />
    <property name="libs.Hibernate_5.src" value="" />
    <property name="user.properties.file" value="/home/engel/.netbeans/8.2/build.properties" />
    <property name="runtime.encoding" value="UTF-8" />
    <property name="libs.javac-api.maven-pom" value="" />
    <property name="file.encoding.pkg" value="sun.io" />
    <property name="sun.cpu.endian" value="little" />
    <property name="libs.JAXB-ENDORSED.javadoc" value="" />
    <property name="libs.JWSAntTasks.classpath" value="/usr/local/netbeans-8.2/java/ant/extra/org-netbeans-modules-javawebstart-anttasks.jar" />
    <property name="libs.Hibernate_4.maven-pom" value="" />
    <property name="ant.file.type.AsistenciasOderiV2" value="file" />
    <property name="libs.spring-webmvc4.0.maven-pom" value="" />
    <property name="libs.spring-framework300.src" value="" />
    <property name="libs.jstl.src" value="" />
    <property name="empty.dir" value="/home/engel/NetBeansProjects/AsistenciasOderiV2/build/empty" />
    <property name="version-output" value="java version &quot;1.8" />
    <property name="test.binarytestincludes" value="" />
    <property name="libs.hibernate4-persistencemodelgen.src" value="" />
    <property name="javadoc.preview" value="true" />
    <property name="libs.jpa20-persistence.javadoc" value="/usr/local/netbeans-8.2/java/modules/ext/docs/javax.persistence-2.1.0-doc.zip" />
    <property name="pythonplatform.default.console" value="/home/engel/.netbeans/8.2/jython-2.7.0/bin/jython" />
    <property name="java.home" value="/usr/lib/jvm/java-8-oracle/jre" />
    <property name="libs.jsp-compilation.src" value="" />
    <property name="debug.test.classpath" value="/home/engel/Documentos/librerias/dist/edisoncorSX.jar:/home/engel/Documentos/librerias/jcalendar-1.4.jar:/home/engel/Documentos/librerias/NiconNotifyOSD 0.1.9-7.jar:/home/engel/Documentos/librerias/hibernate-distribution-3.6.3.Final/lib/required/antlr-2.7.6.jar:/home/engel/Documentos/librerias/hibernate-distribution-3.6.3.Final/lib/required/commons-collections-3.1.jar:/home/engel/Documentos/librerias/hibernate-distribution-3.6.3.Final/lib/required/dom4j-1.6.1.jar:/home/engel/Documentos/librerias/hibernate-distribution-3.6.3.Final/lib/required/javassist-3.12.0.GA.jar:/home/engel/Documentos/librerias/hibernate-distribution-3.6.3.Final/lib/required/jta-1.1.jar:/home/engel/Documentos/librerias/hibernate-distribution-3.6.3.Final/hibernate3.jar:/home/engel/Documentos/librerias/hibernate-distribution-3.6.3.Final/hibernate-testing.jar:/home/engel/Documentos/librerias/slf4j-1.7.25/slf4j-api-1.7.25.jar:/home/engel/Documentos/librerias/slf4j-1.7.25/slf4j-simple-1.7.25.jar:/usr/local/netbeans-8.2/java/modules/ext/hibernate4/hibernate-jpa-2.1-api-1.0.0.Final.jar:/usr/local/netbeans-8.2/ide/modules/ext/mysql-connector-java-5.1.23-bin.jar:/home/engel/Documentos/librerias/joda-time-2.9.9.jar:/home/engel/Documentos/librerias/mockito-all-2.0.2-beta.jar:/home/engel/Documentos/librerias/joda-time-hibernate-1.4.jar:build/classes:/usr/local/netbeans-8.2/platform/modules/ext/junit-4.12.jar:/usr/local/netbeans-8.2/platform/modules/ext/hamcrest-core-1.3.jar:build/test/classes" />
    <property name="libs.javaee-endorsed-api-6.0.classpath" value="/usr/local/netbeans-8.2/enterprise/modules/ext/javaee6-endorsed/javax.annotation.jar:/usr/local/netbeans-8.2/enterprise/modules/ext/javaee6-endorsed/jaxb-api-osgi.jar:/usr/local/netbeans-8.2/enterprise/modules/ext/javaee6-endorsed/webservices-api-osgi.jar" />
    <property name="libs.javaee-api-6.0.src" value="" />
    <property name="netbeans.importclass" value="org.netbeans.upgrade.AutoUpgrade" />
    <property name="ant.project.default-target" value="default" />
    <property name="annotation.processing.run.all.processors" value="true" />
    <property name="libs.Hibernate_4.src" value="" />
    <property name="libs.DataBindingME.maven-pom" value="" />
    <property name="libs.PostgreSQLDriver.javadoc" value="" />
    <property name="libs.restlib.classpath" value="/usr/local/netbeans-8.2/enterprise/modules/ext/jersey2/ext/asm-all-repackaged-2.2.0-b21.jar:/usr/local/netbeans-8.2/enterprise/modules/ext/jersey2/ext/cglib-2.2.0-b21.jar:/usr/local/netbeans-8.2/enterprise/modules/ext/jersey2/ext/guava-14.0.1.jar:/usr/local/netbeans-8.2/enterprise/modules/ext/jersey2/ext/hk2-api-2.2.0-b21.jar:/usr/local/netbeans-8.2/enterprise/modules/ext/jersey2/ext/hk2-locator-2.2.0-b21.jar:/usr/local/netbeans-8.2/enterprise/modules/ext/jersey2/ext/hk2-utils-2.2.0-b21.jar:/usr/local/netbeans-8.2/enterprise/modules/ext/jersey2/ext/javax.annotation-api-1.2.jar:/usr/local/netbeans-8.2/enterprise/modules/ext/jersey2/ext/javax.inject-2.2.0-b21.jar:/usr/local/netbeans-8.2/enterprise/modules/ext/jersey2/ext/javax.servlet-api-3.0.1.jar:/usr/local/netbeans-8.2/enterprise/modules/ext/jersey2/ext/jaxb-api-2.2.7.jar:/usr/local/netbeans-8.2/enterprise/modules/ext/jersey2/ext/jersey-entity-filtering-2.5.1.jar:/usr/local/netbeans-8.2/enterprise/modules/ext/jersey2/ext/jersey-media-moxy-2.5.1.jar:/usr/local/netbeans-8.2/enterprise/modules/ext/jersey2/ext/org.osgi.core-4.2.0.jar:/usr/local/netbeans-8.2/enterprise/modules/ext/jersey2/ext/osgi-resource-locator-1.0.1.jar:/usr/local/netbeans-8.2/enterprise/modules/ext/jersey2/ext/persistence-api-1.0.jar:/usr/local/netbeans-8.2/enterprise/modules/ext/jersey2/ext/validation-api-1.1.0.Final.jar:/usr/local/netbeans-8.2/enterprise/modules/ext/jersey2/jersey-client.jar:/usr/local/netbeans-8.2/enterprise/modules/ext/jersey2/jersey-common.jar:/usr/local/netbeans-8.2/enterprise/modules/ext/jersey2/jersey-container-servlet.jar:/usr/local/netbeans-8.2/enterprise/modules/ext/jersey2/jersey-container-servlet-core.jar:/usr/local/netbeans-8.2/enterprise/modules/ext/jersey2/jersey-server.jar:/usr/local/netbeans-8.2/java/modules/ext/eclipselink/eclipselink.jar" />
    <property name="pythonplatform.Python_2.7.12.args" value="-u" />
    <property name="libs.MySQLDriver.maven-pom" value="" />
    <property name="libs.hibernate4-persistence.javadoc" value="/usr/local/netbeans-8.2/java/modules/ext/docs/javax.persistence-2.1.0-doc.zip" />
    <property name="libs.Mockito_1.javadoc" value="" />
    <property name="libs.junit_4.javadoc" value="/usr/local/netbeans-8.2/platform/docs/junit-4.12-javadoc.jar" />
    <property name="libs.EclipseLink-GlassFish-v3.maven-pom" value="" />
    <property name="libs.javaee-web-api-6.0.maven-pom" value="" />
    <property name="libs.JBehave.javadoc" value="" />
    <property name="run.classpath" value="/home/engel/Documentos/librerias/dist/edisoncorSX.jar:/home/engel/Documentos/librerias/jcalendar-1.4.jar:/home/engel/Documentos/librerias/NiconNotifyOSD 0.1.9-7.jar:/home/engel/Documentos/librerias/hibernate-distribution-3.6.3.Final/lib/required/antlr-2.7.6.jar:/home/engel/Documentos/librerias/hibernate-distribution-3.6.3.Final/lib/required/commons-collections-3.1.jar:/home/engel/Documentos/librerias/hibernate-distribution-3.6.3.Final/lib/required/dom4j-1.6.1.jar:/home/engel/Documentos/librerias/hibernate-distribution-3.6.3.Final/lib/required/javassist-3.12.0.GA.jar:/home/engel/Documentos/librerias/hibernate-distribution-3.6.3.Final/lib/required/jta-1.1.jar:/home/engel/Documentos/librerias/hibernate-distribution-3.6.3.Final/hibernate3.jar:/home/engel/Documentos/librerias/hibernate-distribution-3.6.3.Final/hibernate-testing.jar:/home/engel/Documentos/librerias/slf4j-1.7.25/slf4j-api-1.7.25.jar:/home/engel/Documentos/librerias/slf4j-1.7.25/slf4j-simple-1.7.25.jar:/usr/local/netbeans-8.2/java/modules/ext/hibernate4/hibernate-jpa-2.1-api-1.0.0.Final.jar:/usr/local/netbeans-8.2/ide/modules/ext/mysql-connector-java-5.1.23-bin.jar:/home/engel/Documentos/librerias/joda-time-2.9.9.jar:/home/engel/Documentos/librerias/mockito-all-2.0.2-beta.jar:/home/engel/Documentos/librerias/joda-time-hibernate-1.4.jar:build/classes" />
    <property name="libs.LookAndFeel.classpath" value="/home/engel/Documentos/librerias/JTattoo-1.6.11.jar" />
    <property name="jna.boot.library.name" value="jnidispatch-422" />
    <property name="libs.javaee-endorsed-api-6.0.javadoc" value="/usr/local/netbeans-8.2/enterprise/docs/javaee-doc-api.jar" />
    <property name="libs.javaee-api-7.0.classpath" value="/usr/local/netbeans-8.2/enterprise/modules/ext/javaee-api-7.0.jar" />
    <property name="sun.awt.datatransfer.timeout" value="1000" />
    <property name="libs.spring-webmvc3.0.javadoc" value="" />
    <property name="libs.jpa2-persistence.maven-pom" value="" />
    <property name="annotation.processing.enabled.in.editor" value="false" />
    <property name="libs.JCalendar.src" value="" />
    <property name="libs.hibernate4-support.classpath" value="/usr/local/netbeans-8.2/java/modules/ext/hibernate4/antlr-2.7.7.jar:/usr/local/netbeans-8.2/java/modules/ext/hibernate4/c3p0-0.9.2.1.jar:/usr/local/netbeans-8.2/java/modules/ext/hibernate4/hibernate-c3p0-4.3.1.Final.jar:/usr/local/netbeans-8.2/java/modules/ext/hibernate4/mchange-commons-java-0.2.3.4.jar:/usr/local/netbeans-8.2/java/modules/ext/hibernate4/dom4j-1.6.1.jar:/usr/local/netbeans-8.2/java/modules/ext/hibernate4/ehcache-core-2.4.3.jar:/usr/local/netbeans-8.2/java/modules/ext/hibernate4/hibernate-ehcache-4.3.1.Final.jar:/usr/local/netbeans-8.2/java/modules/ext/hibernate4/hibernate-core-4.3.1.Final.jar:/usr/local/netbeans-8.2/java/modules/ext/hibernate4/jboss-logging-3.1.3.GA.jar:/usr/local/netbeans-8.2/java/modules/ext/hibernate4/hibernate-commons-annotations-4.0.4.Final.jar:/usr/local/netbeans-8.2/java/modules/ext/hibernate4/hibernate-entitymanager-4.3.1.Final.jar:/usr/local/netbeans-8.2/java/modules/ext/hibernate4/javassist-3.18.1-GA.jar:/usr/local/netbeans-8.2/java/modules/ext/hibernate4/jboss-transaction-api_1.2_spec-1.0.0.Final.jar:/usr/local/netbeans-8.2/java/modules/ext/hibernate4/slf4j-api-1.6.1.jar:/usr/local/netbeans-8.2/java/modules/ext/hibernate4/slf4j-simple-1.6.1.jar" />
    <property name="libs.Hibernate_4.javadoc" value="" />
    <property name="nb.native.filechooser" value="false" />
    <property name="libs.restapi.src" value="" />
    <property name="sun.management.compiler" value="HotSpot Client Compiler" />
    <property name="libs.j2me_common_ant.javadoc" value="" />
    <property name="javac.deprecation" value="false" />
    <property name="javadoc.use" value="true" />
    <property name="sun.java2d.noddraw" value="true" />
    <property name="libs.jsp-compiler.classpath" value="/usr/local/netbeans-8.2/enterprise/ant/extra/jspcompile.jar" />
    <property name="javac.processorpath" value="/home/engel/Documentos/librerias/dist/edisoncorSX.jar:/home/engel/Documentos/librerias/jcalendar-1.4.jar:/home/engel/Documentos/librerias/NiconNotifyOSD 0.1.9-7.jar:/home/engel/Documentos/librerias/hibernate-distribution-3.6.3.Final/lib/required/antlr-2.7.6.jar:/home/engel/Documentos/librerias/hibernate-distribution-3.6.3.Final/lib/required/commons-collections-3.1.jar:/home/engel/Documentos/librerias/hibernate-distribution-3.6.3.Final/lib/required/dom4j-1.6.1.jar:/home/engel/Documentos/librerias/hibernate-distribution-3.6.3.Final/lib/required/javassist-3.12.0.GA.jar:/home/engel/Documentos/librerias/hibernate-distribution-3.6.3.Final/lib/required/jta-1.1.jar:/home/engel/Documentos/librerias/hibernate-distribution-3.6.3.Final/hibernate3.jar:/home/engel/Documentos/librerias/hibernate-distribution-3.6.3.Final/hibernate-testing.jar:/home/engel/Documentos/librerias/slf4j-1.7.25/slf4j-api-1.7.25.jar:/home/engel/Documentos/librerias/slf4j-1.7.25/slf4j-simple-1.7.25.jar:/usr/local/netbeans-8.2/java/modules/ext/hibernate4/hibernate-jpa-2.1-api-1.0.0.Final.jar:/usr/local/netbeans-8.2/ide/modules/ext/mysql-connector-java-5.1.23-bin.jar:/home/engel/Documentos/librerias/joda-time-2.9.9.jar:/home/engel/Documentos/librerias/mockito-all-2.0.2-beta.jar:/home/engel/Documentos/librerias/joda-time-hibernate-1.4.jar" />
    <property name="libs.hamcrest.maven-pom" value="" />
    <property name="libs.Hibernate_3.src" value="" />
    <property name="javac.compilerargs" value="" />
    <property name="ant.file" value="/home/engel/NetBeansProjects/AsistenciasOderiV2/build.xml" />
    <property name="libs.beans-binding.maven-pom" value="" />
    <property name="libs.hibernate4-support.javadoc" value="/usr/local/netbeans-8.2/java/modules/ext/docs/javax.persistence-2.1.0-doc.zip" />
    <property name="libs.jsf12.classpath" value="/usr/local/netbeans-8.2/enterprise/modules/ext/jsf-1_2/commons-beanutils.jar:/usr/local/netbeans-8.2/enterprise/modules/ext/jsf-1_2/commons-collections.jar:/usr/local/netbeans-8.2/enterprise/modules/ext/jsf-1_2/commons-digester.jar:/usr/local/netbeans-8.2/enterprise/modules/ext/jsf-1_2/commons-logging.jar:/usr/local/netbeans-8.2/enterprise/modules/ext/jsf-1_2/jsf-api.jar:/usr/local/netbeans-8.2/enterprise/modules/ext/jsf-1_2/jsf-impl.jar" />
    <property name="libs.Java-EE-GlassFish-v3-Prelude.classpath" value="/usr/local/glassfish-4.1.1/glassfish/modules/endorsed/webservices-api-osgi.jar:/usr/local/glassfish-4.1.1/glassfish/modules/endorsed/jaxb-api.jar:/usr/local/glassfish-4.1.1/glassfish/modules/endorsed/javax.annotation-api.jar:/usr/local/glassfish-4.1.1/glassfish/modules/javax.resource-api.jar:/usr/local/glassfish-4.1.1/glassfish/modules/javax.servlet.jsp-api.jar:/usr/local/glassfish-4.1.1/glassfish/modules/weld-osgi-bundle.jar:/usr/local/glassfish-4.1.1/glassfish/modules/javax.management.j2ee-api.jar:/usr/local/glassfish-4.1.1/glassfish/modules/javax.servlet.jsp.jar:/usr/local/glassfish-4.1.1/glassfish/modules/javax.enterprise.concurrent.jar:/usr/local/glassfish-4.1.1/glassfish/modules/javax.websocket-api.jar:/usr/local/glassfish-4.1.1/glassfish/modules/javax.servlet-api.jar:/usr/local/glassfish-4.1.1/glassfish/modules/javax.security.auth.message-api.jar:/usr/local/glassfish-4.1.1/glassfish/modules/javax.ejb-api.jar:/usr/local/glassfish-4.1.1/glassfish/modules/javax.batch-api.jar:/usr/local/glassfish-4.1.1/glassfish/modules/javax.mail.jar:/usr/local/glassfish-4.1.1/glassfish/modules/javax.xml.registry-api.jar:/usr/local/glassfish-4.1.1/glassfish/modules/javax.interceptor-api.jar:/usr/local/glassfish-4.1.1/glassfish/modules/javax.ws.rs-api.jar:/usr/local/glassfish-4.1.1/glassfish/modules/javax.persistence.jar:/usr/local/glassfish-4.1.1/glassfish/modules/javax.security.jacc-api.jar:/usr/local/glassfish-4.1.1/glassfish/modules/javax.faces.jar:/usr/local/glassfish-4.1.1/glassfish/modules/javax.inject.jar:/usr/local/glassfish-4.1.1/glassfish/modules/javax.enterprise.deploy-api.jar:/usr/local/glassfish-4.1.1/glassfish/modules/javax.transaction-api.jar:/usr/local/glassfish-4.1.1/glassfish/modules/javax.jms-api.jar:/usr/local/glassfish-4.1.1/glassfish/modules/javax.json.jar:/usr/local/glassfish-4.1.1/glassfish/modules/javax.servlet.jsp.jstl-api.jar:/usr/local/glassfish-4.1.1/glassfish/modules/jaxb-osgi.jar:/usr/local/glassfish-4.1.1/glassfish/modules/javax.enterprise.concurrent-api.jar:/usr/local/glassfish-4.1.1/glassfish/modules/webservices-osgi.jar:/usr/local/glassfish-4.1.1/glassfish/modules/cdi-api.jar:/usr/local/glassfish-4.1.1/glassfish/modules/javax.xml.rpc-api.jar:/usr/local/glassfish-4.1.1/glassfish/modules/javax.servlet.jsp.jstl.jar:/usr/local/glassfish-4.1.1/glassfish/modules/bean-validator.jar:/usr/local/glassfish-4.1.1/glassfish/modules/javax.el.jar:/usr/local/glassfish-4.1.1/mq/lib/jaxm-api.jar" />
    <property name="libs.jstl.maven-pom" value="" />
    <property name="libs.restapi.maven-pom" value="" />
    <property name="libs.beans-binding.src" value="" />
    <property name="libs.Jadira-Joda.src" value="" />
    <property name="java.vm.specification.vendor" value="Oracle Corporation" />
    <property name="libs.DataBindingME-PIM.javadoc" value="/usr/local/netbeans-8.2/mobility/modules/docs/netbeans_databindingme_pim-api.zip" />
    <property name="libs.swing-layout.src" value="/usr/local/netbeans-8.2/platform/docs/swing-layout-1.0.4-src.zip" />
    <property name="org.openide.major.version" value="IDE/1" />
    <property name="java.vm.name" value="Java HotSpot(TM) Client VM" />
    <property name="netbeans.user" value="/home/engel/.netbeans/8.2" />
    <property name="javadoc.additionalparam" value="" />
    <property name="java.io.tmpdir" value="/tmp" />
    <property name="java.vendor.url" value="http://java.oracle.com/" />
    <property name="endorsed.classpath.cmd.line.arg" value="" />
    <property name="jna.loaded" value="true" />
    <property name="junit.available" value="true" />
    <property name="libs.NiconNotify.maven-pom" value="" />
    <property name="libs.jsp-compiler.src" value="" />
    <property name="org.openide.awt.ActionReference.completion" value="org.netbeans.modules.apisupport.project.layers.PathCompletions" />
    <property name="sun.boot.library.path" value="/usr/lib/jvm/java-8-oracle/jre/lib/i386" />
    <property name="have.sources" value="true" />
    <property name="libs.hamcrest.javadoc" value="" />
    <property name="debug.classpath" value="/home/engel/Documentos/librerias/dist/edisoncorSX.jar:/home/engel/Documentos/librerias/jcalendar-1.4.jar:/home/engel/Documentos/librerias/NiconNotifyOSD 0.1.9-7.jar:/home/engel/Documentos/librerias/hibernate-distribution-3.6.3.Final/lib/required/antlr-2.7.6.jar:/home/engel/Documentos/librerias/hibernate-distribution-3.6.3.Final/lib/required/commons-collections-3.1.jar:/home/engel/Documentos/librerias/hibernate-distribution-3.6.3.Final/lib/required/dom4j-1.6.1.jar:/home/engel/Documentos/librerias/hibernate-distribution-3.6.3.Final/lib/required/javassist-3.12.0.GA.jar:/home/engel/Documentos/librerias/hibernate-distribution-3.6.3.Final/lib/required/jta-1.1.jar:/home/engel/Documentos/librerias/hibernate-distribution-3.6.3.Final/hibernate3.jar:/home/engel/Documentos/librerias/hibernate-distribution-3.6.3.Final/hibernate-testing.jar:/home/engel/Documentos/librerias/slf4j-1.7.25/slf4j-api-1.7.25.jar:/home/engel/Documentos/librerias/slf4j-1.7.25/slf4j-simple-1.7.25.jar:/usr/local/netbeans-8.2/java/modules/ext/hibernate4/hibernate-jpa-2.1-api-1.0.0.Final.jar:/usr/local/netbeans-8.2/ide/modules/ext/mysql-connector-java-5.1.23-bin.jar:/home/engel/Documentos/librerias/joda-time-2.9.9.jar:/home/engel/Documentos/librerias/mockito-all-2.0.2-beta.jar:/home/engel/Documentos/librerias/joda-time-hibernate-1.4.jar:build/classes" />
    <property name="javac.external.vm" value="true" />
    <property name="javadoc.private" value="false" />
    <property name="test.src.dir" value="test" />
    <property name="libs.jsf20.classpath" value="/usr/local/netbeans-8.2/enterprise/modules/ext/jsf-2_2/javax.faces.jar" />
    <property name="ant.file.AsistenciasOderiV2" value="/home/engel/NetBeansProjects/AsistenciasOderiV2/build.xml" />
    <property name="ap.processors.internal" value="" />
    <property name="meta.inf.dir" value="src/META-INF" />
    <property name="javadoc.encoding.used" value="UTF-8" />
    <property name="libs.DataBindingME-SVG.src" value="/usr/local/netbeans-8.2/mobility/sources/netbeans_databindingme_svg-src.zip" />
    <property name="pythonplatform.Python_2.7.12.name" value="Python 2.7.12" />
    <property name="dist.jar" value="dist/AsistenciasOderiV2.jar" />
    <property name="libs.spring-framework400.maven-pom" value="" />
    <property name="java.runtime.name" value="Java(TM) SE Runtime Environment" />
    <property name="netbeans.automatic.build" value="true" />
    <property name="ant.project.name" value="AsistenciasOderiV2" />
    <property name="netbeans.hash.code" value="unique=NB_CND_EXTIDE_GROOVY_JAVA_MOB_PHP_WEBCOMMON_WEBEE0bfc0c29d-60da-42c3-b22a-098317653ff7_18e3dd74-208f-4347-b260-ea1c5d600153" />
    <property name="libs.JodaTime-Hibernate.javadoc" value="" />
    <property name="libs.jsp-compilation-syscp.maven-pom" value="" />
    <property name="netbeans.default_userdir_root" value="/home/engel/.netbeans" />
    <property name="sun.cpu.isalist" value="" />
    <property name="libs.spring-framework400.javadoc" value="" />
    <property name="libs.CopyLibs.javadoc" value="" />
    <property name="libs.Jadira-Joda.maven-pom" value="" />
    <property name="org.openide.specification.version" value="6.2" />
    <property name="libs.DataBindingME-PIM.classpath" value="/usr/local/netbeans-8.2/mobility/modules/ext/netbeans_databindingme_pim.jar" />
    <property name="user.home" value="/home/engel" />
    <property name="annotation.processing.processors.list" value="" />
    <property name="libs.primefaces.maven-pom" value="" />
    <property name="debug-args-line" value="-Xdebug" />
    <property name="libs.javaee-api-6.0.maven-pom" value="" />
    <property name="libs.JWSAntTasks.src" value="" />
    <property name="libs.CopyLibs.maven-pom" value="" />
    <property name="jar.index" value="false" />
    <property name="pythonplatform.Python_2.7.12.sourcelevel" value="2.7" />
    <property name="libs.absolutelayout.javadoc" value="" />
    <property name="libs.spring-framework300.javadoc" value="" />
    <property name="java.specification.name" value="Java Platform API Specification" />
    <property name="libs.LookAndFeel.javadoc" value="" />
    <property name="guice.disable.misplaced.annotation.check" value="true" />
    <property name="libs.Hibernate_5.classpath" value="/home/engel/Documentos/Programas/Hibernate/hibernate 5.2.10/lib/required/antlr-2.7.7.jar:/home/engel/Documentos/Programas/Hibernate/hibernate 5.2.10/lib/required/classmate-1.3.0.jar:/home/engel/Documentos/Programas/Hibernate/hibernate 5.2.10/lib/required/dom4j-1.6.1.jar:/home/engel/Documentos/Programas/Hibernate/hibernate 5.2.10/lib/required/hibernate-commons-annotations-5.0.1.Final.jar:/home/engel/Documentos/Programas/Hibernate/hibernate 5.2.10/lib/required/hibernate-core-5.2.10.Final.jar:/home/engel/Documentos/Programas/Hibernate/hibernate 5.2.10/lib/required/hibernate-jpa-2.1-api-1.0.0.Final.jar:/home/engel/Documentos/Programas/Hibernate/hibernate 5.2.10/lib/required/jandex-2.0.3.Final.jar:/home/engel/Documentos/Programas/Hibernate/hibernate 5.2.10/lib/required/javassist-3.20.0-GA.jar:/home/engel/Documentos/Programas/Hibernate/hibernate 5.2.10/lib/required/jboss-logging-3.3.0.Final.jar:/home/engel/Documentos/Programas/Hibernate/hibernate 5.2.10/lib/required/jboss-transaction-api_1.2_spec-1.0.1.Final.jar:/home/engel/Documentos/librerias/slf4j-1.7.25/slf4j-api-1.7.25.jar:/home/engel/Documentos/librerias/slf4j-1.7.25/slf4j-log4j12-1.7.25.jar:/home/engel/Documentos/librerias/slf4j-1.7.25/slf4j-simple-1.7.25.jar" />
    <property name="do.archive+main.class.available" value="true" />
    <property name="pythonplatform.Python_2.7.12.pythonlib" value="/home/engel/.netbeans/8.2:/usr/lib/python2.7:/usr/lib/python2.7/plat-i386-linux-gnu:/usr/lib/python2.7/lib-tk:/usr/lib/python2.7/lib-old:/usr/lib/python2.7/lib-dynload:/usr/local/lib/python2.7/dist-packages:/usr/lib/python2.7/dist-packages:/usr/lib/python2.7/dist-packages/PILcompat:/usr/lib/python2.7/dist-packages/gtk-2.0:/usr/lib/python2.7/dist-packages/ubuntu-sso-client" />
    <property name="java.specification.vendor" value="Oracle Corporation" />
    <property name="libs.NiconNotify.src" value="" />
    <property name="libs.javac-api.classpath" value="/usr/local/netbeans-8.2/java/modules/ext/nb-javac-api.jar" />
    <property name="libs.JCalendar.javadoc" value="" />
    <property name="java.version" value="1.8.0_161" />
    <property name="javadoc.version" value="false" />
    <property name="libs.JodaTime-Hibernate.src" value="" />
    <property name="run.jvmargs.ide" value="" />
    <property name="libs.MySQLDriver.javadoc" value="" />
    <property name="org.openide.version" value="deprecated" />
    <property name="platform.java" value="/usr/lib/jvm/java-8-oracle/jre/bin/java" />
    <property name="source.encoding" value="UTF-8" />
    <property name="ap.cmd.line.internal" value="" />
    <property name="libs.eclipselinkmodelgen.maven-pom" value="" />
    <property name="libs.jsp-compilation-syscp.javadoc" value="" />
    <property name="libs.eclipselinkmodelgen.javadoc" value="" />
    <property name="libs.javaee-endorsed-api-7.0.classpath" value="/usr/local/netbeans-8.2/enterprise/modules/ext/javaee7-endorsed/javax.annotation-api.jar:/usr/local/netbeans-8.2/enterprise/modules/ext/javaee7-endorsed/javax.xml.soap-api.jar:/usr/local/netbeans-8.2/enterprise/modules/ext/javaee7-endorsed/jaxb-api-osgi.jar:/usr/local/netbeans-8.2/enterprise/modules/ext/javaee7-endorsed/jaxws-api.jar:/usr/local/netbeans-8.2/enterprise/modules/ext/javaee7-endorsed/jsr181-api.jar" />
    <property name="libs.metro.javadoc" value="/usr/local/netbeans-8.2/enterprise/docs/metro-1.4-doc.zip" />
    <property name="libs.struts.maven-pom" value="" />
    <property name="netbeans.home+have.tests" value="true" />
    <property name="annotation.processing.processor.options" value="" />
    <property name="libs.testng.maven-pom" value="" />
    <property name="libs.concordion.maven-pom" value="" />
    <property name="libs.jaxb.src" value="" />
    <property name="work.dir" value="/home/engel/NetBeansProjects/AsistenciasOderiV2" />
    <property name="libs.jaxb.classpath" value="/usr/local/netbeans-8.2/ide/modules/ext/jaxb/jaxb-impl.jar:/usr/local/netbeans-8.2/ide/modules/ext/jaxb/jaxb-xjc.jar:/usr/local/netbeans-8.2/ide/modules/ext/jaxb/jaxb1-impl.jar:/usr/local/netbeans-8.2/ide/modules/ext/jaxb/activation.jar:/usr/local/netbeans-8.2/ide/modules/ext/jaxb/api/jaxb-api.jar:/usr/local/netbeans-8.2/ide/modules/ext/jaxb/api/jsr173_1.0_api.jar" />
    <property name="php.global.include.path" value="" />
    <property name="do.depend" value="false" />
    <property name="libs.Hibernate_3.maven-pom" value="" />
    <property name="dist.javadoc.dir" value="dist/javadoc" />
    <property name="libs.j2me_common_ant.classpath" value="/usr/local/netbeans-8.2/mobility/modules/org-netbeans-modules-j2me-common-ant.jar:/usr/local/netbeans-8.2/java/modules/org-netbeans-modules-classfile.jar" />
    <property name="libs.swing-layout.classpath" value="/usr/local/netbeans-8.2/platform/modules/ext/swing-layout-1.0.4.jar" />
    <property name="libs.spring-webmvc3.0.classpath" value="/usr/local/netbeans-8.2/java/modules/ext/spring-3.0/spring-webmvc-3.2.7.RELEASE.jar" />
    <property name="libs.javaee-web-api-7.0.maven-pom" value="" />
    <property name="libs.restlib.src" value="" />
    <property name="build.generated.dir" value="build/generated" />
    <property name="javac.source" value="1.8" />
    <property name="libs.Mockito_2.maven-pom" value="" />
    <property name="line.separator" value="&#xa;" />
    <property name="java.specification.version" value="1.8" />
    <property name="java.vm.info" value="mixed mode" />
    <property name="libs.jaxws21.maven-pom" value="" />
    <property name="nb.junit.batch" value="true" />
    <property name="junit.forkmode" value="perTest" />
    <property name="addExports:java.management/sun.management" value="ALL-UNNAMED" />
    <property name="sun.boot.class.path" value="/usr/lib/jvm/java-8-oracle/jre/lib/resources.jar:/usr/lib/jvm/java-8-oracle/jre/lib/rt.jar:/usr/lib/jvm/java-8-oracle/jre/lib/sunrsasign.jar:/usr/lib/jvm/java-8-oracle/jre/lib/jsse.jar:/usr/lib/jvm/java-8-oracle/jre/lib/jce.jar:/usr/lib/jvm/java-8-oracle/jre/lib/charsets.jar:/usr/lib/jvm/java-8-oracle/jre/lib/jfr.jar:/usr/lib/jvm/java-8-oracle/jre/classes" />
    <property name="javac.target" value="1.8" />
    <property name="built-jar.properties" value="/home/engel/NetBeansProjects/AsistenciasOderiV2/build/built-jar.properties" />
    <property name="pythonplatform.Python_2.7.12.interpreter" value="/usr/bin/python" />
    <property name="build.test.classes.dir" value="build/test/classes" />
    <property name="src.dir" value="src" />
    <property name="annotation.processing.enabled" value="true" />
    <property name="libs.jpa2-persistence.src" value="" />
    <property name="libs.Hibernate_3.javadoc" value="" />
    <property name="libs.jsf20.src" value="" />
    <property name="libs.jpa20-persistence.src" value="" />
    <property name="libs.jsf12.src" value="" />
    <property name="libs.DataBindingME-SVG.maven-pom" value="" />
    <property name="libs.JAVADB_DRIVER_LABEL.maven-pom" value="" />
    <property name="libs.struts.javadoc" value="/usr/local/netbeans-8.2/enterprise/docs/struts-1.3.10-javadoc.zip" />
    <property name="libs.EdisonCordSX.javadoc" value="" />
    <property name="libs.EdisonCordSX.classpath" value="/home/engel/Documentos/librerias/dist/edisoncorSX.jar" />
    <property name="libs.Comet-GlassFish-v3.classpath" value="" />
    <property name="libs.javaee-web-api-7.0.src" value="" />
    <property name="libs.primefaces.src" value="" />
    <property name="pythonplatform.default.name" value="Jython 2.7.0" />
    <property name="dist.dir" value="dist" />
    <property name="libs.groovy-all.javadoc" value="" />
    <property name="securerandom.source" value="file:/dev/./urandom" />
    <property name="testng.debug.mode" value="" />
    <property name="libs.groovy-all.classpath" value="/usr/local/netbeans-8.2/groovy/modules/ext/groovy-all.jar" />
    <property name="javac.fork" value="true" />
    <property name="java.awt.printerjob" value="sun.print.PSPrinterJob" />
    <property name="default.javac.source" value="1.8" />
    <property name="debug-transport-by-os" value="dt_socket" />
    <property name="sun.jnu.encoding" value="UTF-8" />
    <property name="libs.MySQLDriver.src" value="" />
    <property name="java.runtime.version" value="1.8.0_161-b12" />
    <property name="build.test.results.dir" value="build/test/results" />
    <property name="jna.platform.library.path" value="/usr/lib/i386-linux-gnu:/lib/i386-linux-gnu:/usr/lib:/lib:/usr/lib/i386-linux-gnu/i686/sse2:/usr/lib/i386-linux-gnu/sse2:/usr/lib/sse2:/usr/lib/i386-linux-gnu/libfakeroot:/usr/lib/i386-linux-gnu/mesa-egl:/usr/lib/i386-linux-gnu/mesa" />
    <property name="default.javac.target" value="1.8" />
    <property name="libs.junit_4.classpath" value="/usr/local/netbeans-8.2/platform/modules/ext/junit-4.12.jar" />
    <property name="user.timezone" value="" />
    <property name="nb.junit.single" value="false" />
    <property name="libs.NiconNotify.classpath" value="/home/engel/Documentos/librerias/NiconNotifyOSD 0.1.9-7.jar" />
    <property name="libs.JodaTime.classpath" value="/home/engel/Documentos/librerias/joda-time-2.9.9.jar" />
    <property name="libs.JAVADB_DRIVER_LABEL.javadoc" value="" />
    <property name="libs.javaee-endorsed-api-6.0.maven-pom" value="" />
    <property name="netbeans.dirs" value="/usr/local/netbeans-8.2/nb:/usr/local/netbeans-8.2/ergonomics:/usr/local/netbeans-8.2/ide:/usr/local/netbeans-8.2/extide:/usr/local/netbeans-8.2/java:/usr/local/netbeans-8.2/apisupport:/usr/local/netbeans-8.2/webcommon:/usr/local/netbeans-8.2/websvccommon:/usr/local/netbeans-8.2/enterprise:/usr/local/netbeans-8.2/mobility:/usr/local/netbeans-8.2/profiler:/usr/local/netbeans-8.2/python:/usr/local/netbeans-8.2/php:/usr/local/netbeans-8.2/identity:/usr/local/netbeans-8.2/harness:/usr/local/netbeans-8.2/cnd:/usr/local/netbeans-8.2/cndext:/usr/local/netbeans-8.2/dlight:/usr/local/netbeans-8.2/groovy:/usr/local/netbeans-8.2/extra:/usr/local/netbeans-8.2/javacard:/usr/local/netbeans-8.2/javafx:" />
    <property name="libs.jsf20.javadoc" value="/usr/local/netbeans-8.2/enterprise/docs/javaee-doc-api.jar" />
    <property name="libs.jstl.javadoc" value="/usr/local/netbeans-8.2/enterprise/docs/javaee-doc-api.jar" />
    <property name="java.ext.dirs" value="/usr/lib/jvm/java-8-oracle/jre/lib/ext:/usr/java/packages/lib/ext" />
    <property name="libs.metro.src" value="" />
    <property name="libs.absolutelayout.classpath" value="/usr/local/netbeans-8.2/java/modules/ext/AbsoluteLayout.jar" />
    <property name="excludes" value="" />
    <property name="libs.metro.classpath" value="/usr/local/netbeans-8.2/ide/modules/ext/jaxb/activation.jar:/usr/local/netbeans-8.2/enterprise/modules/ext/metro/webservices-api.jar:/usr/local/netbeans-8.2/enterprise/modules/ext/metro/webservices-extra-api.jar:/usr/local/netbeans-8.2/enterprise/modules/ext/metro/webservices-extra.jar:/usr/local/netbeans-8.2/enterprise/modules/ext/metro/webservices-rt.jar:/usr/local/netbeans-8.2/enterprise/modules/ext/metro/webservices-tools.jar" />
    <property name="libs.restlib.maven-pom" value="" />
    <property name="libs.jpa2-persistence.javadoc" value="/usr/local/netbeans-8.2/java/modules/ext/docs/javax.persistence-2.1.0-doc.zip" />
    <property name="libs.DataBindingME.javadoc" value="/usr/local/netbeans-8.2/mobility/modules/docs/netbeans_databindingme-api.zip" />
    <property name="apple.laf.useScreenMenuBar" value="true" />
    <property name="java.class.path" value="/home/engel/Documentos/librerias/dist/edisoncorSX.jar:/home/engel/Documentos/librerias/jcalendar-1.4.jar:/home/engel/Documentos/librerias/NiconNotifyOSD 0.1.9-7.jar:/home/engel/Documentos/librerias/hibernate-distribution-3.6.3.Final/lib/required/antlr-2.7.6.jar:/home/engel/Documentos/librerias/hibernate-distribution-3.6.3.Final/lib/required/commons-collections-3.1.jar:/home/engel/Documentos/librerias/hibernate-distribution-3.6.3.Final/lib/required/dom4j-1.6.1.jar:/home/engel/Documentos/librerias/hibernate-distribution-3.6.3.Final/lib/required/javassist-3.12.0.GA.jar:/home/engel/Documentos/librerias/hibernate-distribution-3.6.3.Final/lib/required/jta-1.1.jar:/home/engel/Documentos/librerias/hibernate-distribution-3.6.3.Final/hibernate3.jar:/home/engel/Documentos/librerias/hibernate-distribution-3.6.3.Final/hibernate-testing.jar:/home/engel/Documentos/librerias/slf4j-1.7.25/slf4j-api-1.7.25.jar:/home/engel/Documentos/librerias/slf4j-1.7.25/slf4j-simple-1.7.25.jar:/usr/local/netbeans-8.2/java/modules/ext/hibernate4/hibernate-jpa-2.1-api-1.0.0.Final.jar:/usr/local/netbeans-8.2/ide/modules/ext/mysql-connector-java-5.1.23-bin.jar:/home/engel/Documentos/librerias/joda-time-2.9.9.jar:/home/engel/Documentos/librerias/mockito-all-2.0.2-beta.jar:/home/engel/Documentos/librerias/joda-time-hibernate-1.4.jar:/home/engel/NetBeansProjects/AsistenciasOderiV2/build/classes:/usr/local/netbeans-8.2/platform/modules/ext/junit-4.12.jar:/usr/local/netbeans-8.2/platform/modules/ext/hamcrest-core-1.3.jar:/home/engel/NetBeansProjects/AsistenciasOderiV2/build/test/classes:/usr/local/netbeans-8.2/extide/ant/lib/ant-launcher.jar:/usr/local/netbeans-8.2/extide/ant/lib/ant.jar:/usr/local/netbeans-8.2/extide/ant/lib/ant-junit.jar:/usr/local/netbeans-8.2/extide/ant/lib/ant-junit4.jar:/home/engel/.netbeans/8.2/modules/ext/jacocoagent.jar" />
    <property name="addExports:java.desktop/java.awt.peer" value="ALL-UNNAMED" />
    <property name="addExports:java.desktop/com.sun.beans.editors" value="ALL-UNNAMED" />
    <property name="do.mkdist" value="true" />
    <property name="libs.absolutelayout.src" value="" />
    <property name="libs.jpa20-persistence.classpath" value="/usr/local/netbeans-8.2/java/modules/ext/eclipselink/javax.persistence_2.1.0.v201304241213.jar" />
    <property name="libs.Mockito_2.javadoc" value="" />
    <property name="libs.concordion.src" value="" />
    <property name="pythonplatform.default.pythonlib" value="/home/engel/.netbeans/8.2/jython-2.7.0/Lib:/home/engel/.netbeans/8.2/jython-2.7.0/Lib/site-packages" />
    <property name="os.version" value="4.10.0-38-generic" />
    <property name="application.args" value="" />
    <property name="libs.EclipseLink-GlassFish-v3.javadoc" value="/usr/local/netbeans-8.2/enterprise/docs/javaee-doc-api.jar" />
    <property name="libs.LookAndFeel.maven-pom" value="" />
    <property name="libs.javaee-api-7.0.maven-pom" value="" />
    <property name="main.class.available" value="true" />
    <property name="sun.awt.enableExtraMouseButtons" value="true" />
    <property name="sun.desktop" value="gnome" />
    <property name="libs.JodaTime-Hibernate.maven-pom" value="" />
    <property name="libs.hibernate4-persistence.src" value="" />
    <property name="libs.hibernate4-support.maven-pom" value="" />
    <property name="libs.Comet-GlassFish-v3.src" value="" />
    <property name="libs.restlib.javadoc" value="" />
    <property name="libs.JAXB-ENDORSED.classpath" value="/usr/local/netbeans-8.2/ide/modules/ext/jaxb/api/jaxb-api.jar" />
    <property name="libs.javaee-api-7.0.javadoc" value="/usr/local/netbeans-8.2/enterprise/docs/javaee-doc-api.jar" />
    <property name="libs.eclipselink.classpath" value="/usr/local/netbeans-8.2/java/modules/ext/eclipselink/eclipselink.jar:/usr/local/netbeans-8.2/java/modules/ext/eclipselink/javax.persistence_2.1.0.v201304241213.jar:/usr/local/netbeans-8.2/java/modules/ext/eclipselink/org.eclipse.persistence.jpa.jpql_2.5.2.v20140319-9ad6abd.jar" />
    <property name="libs.Hibernate_5.javadoc" value="" />
    <property name="libs.beans-binding.javadoc" value="/usr/local/netbeans-8.2/java/docs/beansbinding-1.2.1-doc.zip" />
    <property name="java.awt.graphicsenv" value="sun.awt.X11GraphicsEnvironment" />
    <property name="java.vm.vendor" value="Oracle Corporation" />
    <property name="libs.CopyLibs.classpath" value="/usr/local/netbeans-8.2/java/ant/extra/org-netbeans-modules-java-j2seproject-copylibstask.jar" />
    <property name="libs.spring-framework300.classpath" value="/usr/local/netbeans-8.2/ide/modules/org-apache-commons-logging.jar:/usr/local/netbeans-8.2/java/modules/ext/cglib-2.2.jar:/usr/local/netbeans-8.2/java/modules/ext/spring-3.0/spring-aop-3.2.7.RELEASE.jar:/usr/local/netbeans-8.2/java/modules/ext/spring-3.0/spring-aspects-3.2.7.RELEASE.jar:/usr/local/netbeans-8.2/java/modules/ext/spring-3.0/spring-beans-3.2.7.RELEASE.jar:/usr/local/netbeans-8.2/java/modules/ext/spring-3.0/spring-build-src-3.2.7.RELEASE.jar:/usr/local/netbeans-8.2/java/modules/ext/spring-3.0/spring-context-3.2.7.RELEASE.jar:/usr/local/netbeans-8.2/java/modules/ext/spring-3.0/spring-context-support-3.2.7.RELEASE.jar:/usr/local/netbeans-8.2/java/modules/ext/spring-3.0/spring-core-3.2.7.RELEASE.jar:/usr/local/netbeans-8.2/java/modules/ext/spring-3.0/spring-expression-3.2.7.RELEASE.jar:/usr/local/netbeans-8.2/java/modules/ext/spring-3.0/spring-framework-bom-3.2.7.RELEASE.jar:/usr/local/netbeans-8.2/java/modules/ext/spring-3.0/spring-instrument-3.2.7.RELEASE.jar:/usr/local/netbeans-8.2/java/modules/ext/spring-3.0/spring-instrument-tomcat-3.2.7.RELEASE.jar:/usr/local/netbeans-8.2/java/modules/ext/spring-3.0/spring-jdbc-3.2.7.RELEASE.jar:/usr/local/netbeans-8.2/java/modules/ext/spring-3.0/spring-jms-3.2.7.RELEASE.jar:/usr/local/netbeans-8.2/java/modules/ext/spring-3.0/spring-orm-3.2.7.RELEASE.jar:/usr/local/netbeans-8.2/java/modules/ext/spring-3.0/spring-oxm-3.2.7.RELEASE.jar:/usr/local/netbeans-8.2/java/modules/ext/spring-3.0/spring-struts-3.2.7.RELEASE.jar:/usr/local/netbeans-8.2/java/modules/ext/spring-3.0/spring-test-3.2.7.RELEASE.jar:/usr/local/netbeans-8.2/java/modules/ext/spring-3.0/spring-tx-3.2.7.RELEASE.jar:/usr/local/netbeans-8.2/java/modules/ext/spring-3.0/spring-web-3.2.7.RELEASE.jar:/usr/local/netbeans-8.2/java/modules/ext/spring-3.0/spring-webmvc-3.2.7.RELEASE.jar:/usr/local/netbeans-8.2/java/modules/ext/spring-3.0/spring-webmvc-portlet-3.2.7.RELEASE.jar" />
    <property name="libs.jsp-compiler.maven-pom" value="" />
    <property name="libs.hamcrest.src" value="" />
    <property name="libs.JBehave.classpath" value="/home/engel/Documentos/librerias/jbehave-core-4.3.3.jar" />
    <property name="libs.JCalendar.maven-pom" value="" />
<<<<<<< HEAD
    <property name="run.jvmargs" value="  -javaagent:&quot;/home/engel/.netbeans/8.2/modules/ext/jacocoagent.jar&quot;=includes=vista.*:reportes.*:nullObjects.*:dao.*:excepciones.*:mapeos.*:controlador.*:modelo.*:presenter.*:seguridad.*:hibernate.*:asistenciasoderiv2.*:vista.img.*:vista.icon.*:vista.png.*,destfile=&quot;/home/engel/NetBeansProjects/AsistenciasOderiV2/jacoco.exec-325519743754&quot;" />
=======
    <property name="run.jvmargs" value="  -javaagent:&quot;/home/engel/.netbeans/8.2/modules/ext/jacocoagent.jar&quot;=includes=vista.*:reportes.*:nullObjects.*:dao.*:excepciones.*:mapeos.*:controlador.*:modelo.*:presenter.*:seguridad.*:hibernate.*:asistenciasoderiv2.*:vista.img.*:vista.icon.*:vista.png.*,destfile=&quot;/home/engel/NetBeansProjects/AsistenciasOderiV2/jacoco.exec-7484169568771&quot;" />
>>>>>>> dev
    <property name="libs.hibernate4-persistence.classpath" value="/usr/local/netbeans-8.2/java/modules/ext/hibernate4/antlr-2.7.7.jar:/usr/local/netbeans-8.2/java/modules/ext/hibernate4/c3p0-0.9.2.1.jar:/usr/local/netbeans-8.2/java/modules/ext/hibernate4/hibernate-c3p0-4.3.1.Final.jar:/usr/local/netbeans-8.2/java/modules/ext/hibernate4/mchange-commons-java-0.2.3.4.jar:/usr/local/netbeans-8.2/java/modules/ext/hibernate4/dom4j-1.6.1.jar:/usr/local/netbeans-8.2/java/modules/ext/hibernate4/ehcache-core-2.4.3.jar:/usr/local/netbeans-8.2/java/modules/ext/hibernate4/hibernate-ehcache-4.3.1.Final.jar:/usr/local/netbeans-8.2/java/modules/ext/hibernate4/hibernate-core-4.3.1.Final.jar:/usr/local/netbeans-8.2/java/modules/ext/hibernate4/jboss-logging-3.1.3.GA.jar:/usr/local/netbeans-8.2/java/modules/ext/hibernate4/hibernate-commons-annotations-4.0.4.Final.jar:/usr/local/netbeans-8.2/java/modules/ext/hibernate4/hibernate-entitymanager-4.3.1.Final.jar:/usr/local/netbeans-8.2/java/modules/ext/hibernate4/javassist-3.18.1-GA.jar:/usr/local/netbeans-8.2/java/modules/ext/hibernate4/jboss-transaction-api_1.2_spec-1.0.0.Final.jar:/usr/local/netbeans-8.2/java/modules/ext/hibernate4/slf4j-api-1.6.1.jar:/usr/local/netbeans-8.2/java/modules/ext/hibernate4/slf4j-simple-1.6.1.jar:/usr/local/netbeans-8.2/java/modules/ext/hibernate4/hibernate-jpa-2.1-api-1.0.0.Final.jar" />
    <property name="dist.archive.excludes" value="" />
    <property name="libs.JAXB-ENDORSED.src" value="" />
    <property name="libs.testng.javadoc" value="/usr/local/netbeans-8.2/platform/docs/testng-6.8.1-javadoc.zip" />
    <property name="libs.DataBindingME-PIM.src" value="/usr/local/netbeans-8.2/mobility/sources/netbeans_databindingme_pim-src.zip" />
    <property name="libs.PostgreSQLDriver.classpath" value="/usr/local/netbeans-8.2/ide/modules/ext/postgresql-9.4.1209.jar" />
    <property name="pythonplatform.default.javalib" value="/home/engel/.netbeans/8.2/jython-2.7.0/jython.jar" />
    <property name="libs.jsf12.maven-pom" value="" />
    <property name="libs.hibernate4-persistencemodelgen.classpath" value="/usr/local/netbeans-8.2/java/modules/ext/hibernate4/hibernate-jpamodelgen-4.3.1.Final.jar" />
    <property name="annotation.processing.source.output" value="build/generated-sources/ap-source-output" />
    <property name="main.class" value="asistenciasoderiv2.Oderi" />
    <property name="libs.CopyLibs.src" value="" />
    <property name="build.dir" value="build" />
    <property name="libs.jsp-compilation.classpath" value="/usr/local/netbeans-8.2/extide/ant/lib/ant.jar:/usr/local/netbeans-8.2/enterprise/modules/ext/servlet3.1-jsp2.3-api.jar:/usr/local/netbeans-8.2/enterprise/modules/ext/glassfish-jspparser-4.0.jar:/usr/local/netbeans-8.2/enterprise/modules/ext/jsf-2_2/javax.faces.jar:/usr/local/netbeans-8.2/enterprise/modules/ext/jstl-api.jar:/usr/local/netbeans-8.2/extide/ant/lib/ant-launcher.jar" />
    <property name="libs.JBehave.src" value="" />
    <property name="ant.version" value="Apache Ant(TM) version 1.9.7 compiled on April 9 2016" />
    <property name="file.encoding" value="UTF-8" />
    <property name="build.classes.excludes" value="**/*.java,**/*.form" />
    <property name="jdkBug6558476" value="false" />
    <property name="libs.Hibernate_4.classpath" value="/home/engel/Documentos/librerias/hibernate-release-4.3.11.Final/lib/required/antlr-2.7.7.jar:/home/engel/Documentos/librerias/hibernate-release-4.3.11.Final/lib/required/dom4j-1.6.1.jar:/home/engel/Documentos/librerias/hibernate-release-4.3.11.Final/lib/required/hibernate-commons-annotations-4.0.5.Final.jar:/home/engel/Documentos/librerias/hibernate-release-4.3.11.Final/lib/required/hibernate-core-4.3.11.Final.jar:/home/engel/Documentos/librerias/hibernate-release-4.3.11.Final/lib/required/hibernate-jpa-2.1-api-1.0.0.Final.jar:/home/engel/Documentos/librerias/hibernate-release-4.3.11.Final/lib/required/jandex-1.1.0.Final.jar:/home/engel/Documentos/librerias/hibernate-release-4.3.11.Final/lib/required/javassist-3.18.1-GA.jar:/home/engel/Documentos/librerias/hibernate-release-4.3.11.Final/lib/required/jboss-logging-3.1.3.GA.jar:/home/engel/Documentos/librerias/hibernate-release-4.3.11.Final/lib/required/jboss-logging-annotations-1.2.0.Beta1.jar:/home/engel/Documentos/librerias/hibernate-release-4.3.11.Final/lib/required/jboss-transaction-api_1.2_spec-1.0.0.Final.jar:/home/engel/Documentos/librerias/slf4j-1.7.25/slf4j-api-1.7.25.jar:/home/engel/Documentos/librerias/slf4j-1.7.25/slf4j-log4j12-1.7.25.jar:/home/engel/Documentos/librerias/slf4j-1.7.25/slf4j-simple-1.7.25.jar" />
    <property name="javadoc.nonavbar" value="false" />
    <property name="libs.spring-webmvc4.0.classpath" value="/usr/local/netbeans-8.2/java/modules/ext/spring-4/spring-webmvc-4.0.1.RELEASE.jar" />
    <property name="platform.active" value="default_platform" />
    <property name="awt.toolkit" value="sun.awt.X11.XToolkit" />
    <property name="libs.javaee-web-api-7.0.javadoc" value="/usr/local/netbeans-8.2/enterprise/docs/javaee-doc-api.jar" />
  </properties>
<<<<<<< HEAD
  <testcase classname="empleado.LoginTest" name="loginExitoso" time="0.933" />
  <testcase classname="empleado.LoginTest" name="composVacios" time="0.001" />
  <testcase classname="empleado.LoginTest" name="usuarioIncorrecto" time="0.004" />
  <testcase classname="empleado.LoginTest" name="claveDelUsuarioIncorrecta" time="0.002" />
  <testcase classname="empleado.LoginTest" name="noSeAceptanEspaciosVacios" time="0.001" />
  <testcase classname="empleado.LoginTest" name="FaltaUnComposPorIngresar" time="0.002" />
=======
  <testcase classname="empleado.LoginTest" name="loginExitoso" time="0.498" />
  <testcase classname="empleado.LoginTest" name="composVacios" time="0.001" />
  <testcase classname="empleado.LoginTest" name="usuarioIncorrecto" time="0.001" />
  <testcase classname="empleado.LoginTest" name="claveDelUsuarioIncorrecta" time="0.001" />
  <testcase classname="empleado.LoginTest" name="noSeAceptanEspaciosVacios" time="0.001" />
  <testcase classname="empleado.LoginTest" name="FaltaUnComposPorIngresar" time="0.001" />
>>>>>>> dev
  <system-out><![CDATA[]]></system-out>
  <system-err><![CDATA[]]></system-err>
</testsuite>
